2025-07-21 12:24:31,385 org.springframework.boot.StartupInfoLogger logStarting %PARSER_ERROR[l] 
2025-07-21 12:24:31,390 org.springframework.boot.SpringApplication logStartupProfileInfo %PARSER_ERROR[l] 
2025-07-21 12:24:33,240 org.springframework.boot.web.embedded.tomcat.TomcatWebServer initialize %PARSER_ERROR[l] 
2025-07-21 12:24:33,274 org.apache.juli.logging.DirectJDKLog log %PARSER_ERROR[l] 
2025-07-21 12:24:33,275 org.apache.juli.logging.DirectJDKLog log %PARSER_ERROR[l] 
2025-07-21 12:24:33,375 org.apache.juli.logging.DirectJDKLog log %PARSER_ERROR[l] 
2025-07-21 12:24:33,378 org.springframework.boot.web.servlet.context.ServletWebServerApplicationContext prepareWebApplicationContext %PARSER_ERROR[l] 
2025-07-21 12:24:35,383 org.springframework.boot.web.embedded.tomcat.TomcatWebServer start %PARSER_ERROR[l] 
2025-07-21 12:24:35,454 org.springframework.boot.StartupInfoLogger logStarted %PARSER_ERROR[l] 
2025-07-21 12:25:30,655 org.apache.juli.logging.DirectJDKLog log %PARSER_ERROR[l] 
2025-07-21 12:25:30,656 org.springframework.web.servlet.FrameworkServlet initServletBean %PARSER_ERROR[l] 
2025-07-21 12:25:30,659 org.springframework.web.servlet.FrameworkServlet initServletBean %PARSER_ERROR[l] 
2025-07-21 12:25:30,723 com.logger.controller.WelcomeController welcome %PARSER_ERROR[l] 
2025-07-21 12:25:30,724 com.logger.controller.WelcomeController welcome %PARSER_ERROR[l] 
2025-07-21 12:28:36,506 org.springframework.boot.admin.SpringApplicationAdminMXBeanRegistrar$SpringApplicationAdmin shutdown %PARSER_ERROR[l] 
2025-07-21 12:28:36,512 org.springframework.boot.web.embedded.tomcat.GracefulShutdown shutDownGracefully %PARSER_ERROR[l] 
2025-07-21 12:28:36,527 org.springframework.boot.web.embedded.tomcat.GracefulShutdown doShutdown %PARSER_ERROR[l] 
2025-07-21 12:28:40,379 org.springframework.boot.StartupInfoLogger logStarting %PARSER_ERROR[l] 
2025-07-21 12:28:40,383 org.springframework.boot.SpringApplication logStartupProfileInfo %PARSER_ERROR[l] 
2025-07-21 12:28:41,753 org.springframework.boot.web.embedded.tomcat.TomcatWebServer initialize %PARSER_ERROR[l] 
2025-07-21 12:28:41,787 org.apache.juli.logging.DirectJDKLog log %PARSER_ERROR[l] 
2025-07-21 12:28:41,789 org.apache.juli.logging.DirectJDKLog log %PARSER_ERROR[l] 
2025-07-21 12:28:41,882 org.apache.juli.logging.DirectJDKLog log %PARSER_ERROR[l] 
2025-07-21 12:28:41,883 org.springframework.boot.web.servlet.context.ServletWebServerApplicationContext prepareWebApplicationContext %PARSER_ERROR[l] 
2025-07-21 12:28:42,453 org.springframework.boot.web.embedded.tomcat.TomcatWebServer start %PARSER_ERROR[l] 
2025-07-21 12:28:42,465 org.springframework.boot.StartupInfoLogger logStarted %PARSER_ERROR[l] 
2025-07-21 12:28:48,213 org.apache.juli.logging.DirectJDKLog log %PARSER_ERROR[l] 
2025-07-21 12:28:48,214 org.springframework.web.servlet.FrameworkServlet initServletBean %PARSER_ERROR[l] 
2025-07-21 12:28:48,216 org.springframework.web.servlet.FrameworkServlet initServletBean %PARSER_ERROR[l] 
2025-07-21 12:28:48,284 com.logger.controller.WelcomeController welcome %PARSER_ERROR[l] 
2025-07-21 12:28:48,288 com.logger.controller.WelcomeController welcome %PARSER_ERROR[l] 
2025-07-21 12:54:09,376 org.springframework.boot.admin.SpringApplicationAdminMXBeanRegistrar$SpringApplicationAdmin shutdown %PARSER_ERROR[l] 
2025-07-21 12:54:09,383 org.springframework.boot.web.embedded.tomcat.GracefulShutdown shutDownGracefully %PARSER_ERROR[l] 
2025-07-21 12:54:09,401 org.springframework.boot.web.embedded.tomcat.GracefulShutdown doShutdown %PARSER_ERROR[l] 
2025-07-21 12:58:08,139 org.springframework.boot.StartupInfoLogger logStarting %PARSER_ERROR[l] 
2025-07-21 12:58:08,153 org.springframework.boot.SpringApplication logStartupProfileInfo %PARSER_ERROR[l] 
2025-07-21 12:58:11,082 org.springframework.boot.web.embedded.tomcat.TomcatWebServer initialize %PARSER_ERROR[l] 
2025-07-21 12:58:11,154 org.apache.juli.logging.DirectJDKLog log %PARSER_ERROR[l] 
2025-07-21 12:58:11,155 org.apache.juli.logging.DirectJDKLog log %PARSER_ERROR[l] 
2025-07-21 12:58:11,356 org.apache.juli.logging.DirectJDKLog log %PARSER_ERROR[l] 
2025-07-21 12:58:11,364 org.springframework.boot.web.servlet.context.ServletWebServerApplicationContext prepareWebApplicationContext %PARSER_ERROR[l] 
2025-07-21 12:58:12,665 org.springframework.boot.web.embedded.tomcat.TomcatWebServer start %PARSER_ERROR[l] 
2025-07-21 12:58:12,686 org.springframework.boot.StartupInfoLogger logStarted %PARSER_ERROR[l] 
2025-07-21 12:58:14,685 org.apache.juli.logging.DirectJDKLog log %PARSER_ERROR[l] 
2025-07-21 12:58:14,685 org.springframework.web.servlet.FrameworkServlet initServletBean %PARSER_ERROR[l] 
2025-07-21 12:58:14,688 org.springframework.web.servlet.FrameworkServlet initServletBean %PARSER_ERROR[l] 
2025-07-21 12:58:14,768 com.logger.controller.WelcomeController welcome %PARSER_ERROR[l] 
2025-07-21 12:58:14,770 com.logger.controller.WelcomeController welcome %PARSER_ERROR[l] 
2025-07-21 17:29:39,119 org.springframework.boot.StartupInfoLogger Starting Logger2Application using Java 21.0.7 with PID 20980 (D:\JavaWorkspace\RestfulWebServicesWorkspace\Logger-2\target\classes started by kunha in D:\JavaWorkspace\RestfulWebServicesWorkspace\Logger-2) %PARSER_ERROR[l] 
2025-07-21 17:29:39,142 org.springframework.boot.SpringApplication No active profile set, falling back to 1 default profile: "default" %PARSER_ERROR[l] 
2025-07-21 17:29:42,182 org.springframework.boot.web.embedded.tomcat.TomcatWebServer Tomcat initialized with port 8081 (http) %PARSER_ERROR[l] 
2025-07-21 17:29:42,234 org.apache.juli.logging.DirectJDKLog Starting service [Tomcat] %PARSER_ERROR[l] 
2025-07-21 17:29:42,235 org.apache.juli.logging.DirectJDKLog Starting Servlet engine: [Apache Tomcat/10.1.42] %PARSER_ERROR[l] 
2025-07-21 17:29:42,411 org.apache.juli.logging.DirectJDKLog Initializing Spring embedded WebApplicationContext %PARSER_ERROR[l] 
2025-07-21 17:29:42,415 org.springframework.boot.web.servlet.context.ServletWebServerApplicationContext Root WebApplicationContext: initialization completed in 3107 ms %PARSER_ERROR[l] 
2025-07-21 17:29:44,177 org.springframework.boot.web.embedded.tomcat.TomcatWebServer Tomcat started on port 8081 (http) with context path '/' %PARSER_ERROR[l] 
2025-07-21 17:29:44,222 org.springframework.boot.StartupInfoLogger Started Logger2Application in 7.133 seconds (process running for 10.244) %PARSER_ERROR[l] 
2025-07-21 17:30:07,127 org.apache.juli.logging.DirectJDKLog Initializing Spring DispatcherServlet 'dispatcherServlet' %PARSER_ERROR[l] 
2025-07-21 17:30:07,129 org.springframework.web.servlet.FrameworkServlet Initializing Servlet 'dispatcherServlet' %PARSER_ERROR[l] 
2025-07-21 17:30:07,132 org.springframework.web.servlet.FrameworkServlet Completed initialization in 2 ms %PARSER_ERROR[l] 
2025-07-21 17:30:07,265 com.logger.controller.WelcomeController this is the entry point for methos welcome  %PARSER_ERROR[l] 
2025-07-21 17:30:07,267 com.logger.controller.WelcomeController this is the exit point for methos welcome  %PARSER_ERROR[l] 
2025-07-21 17:38:10,951 org.springframework.boot.admin.SpringApplicationAdminMXBeanRegistrar$SpringApplicationAdmin shutdown %PARSER_ERROR[l] 
2025-07-21 17:38:11,087 org.springframework.boot.web.embedded.tomcat.GracefulShutdown shutDownGracefully %PARSER_ERROR[l] 
2025-07-21 17:38:11,193 org.springframework.boot.web.embedded.tomcat.GracefulShutdown doShutdown %PARSER_ERROR[l] 
2025-07-21 17:38:12,362 org.springframework.boot.admin.SpringApplicationAdminMXBeanRegistrar$SpringApplicationAdmin Application shutdown requested. %PARSER_ERROR[l] 
2025-07-21 17:38:12,366 org.springframework.boot.web.embedded.tomcat.GracefulShutdown Commencing graceful shutdown. Waiting for active requests to complete %PARSER_ERROR[l] 
2025-07-21 17:38:12,379 org.springframework.boot.web.embedded.tomcat.GracefulShutdown Graceful shutdown complete %PARSER_ERROR[l] 
